[INFO] 08-12-2024 01:45:12 [main] [Tests.TC02_HomeTest.setUp(TC02_HomeTest.java:26)] - Browser is opened
[INFO] 08-12-2024 01:45:13 [main] [Tests.TC02_HomeTest.setUp(TC02_HomeTest.java:28)] - we are in the login page now
[ERROR] 08-12-2024 01:45:25 [main] [Utilities.Utility.takeFullScreenShotShutterBug(Utility.java:84)] - no such element: Unable to locate element: {"method":"css selector","selector":".shopping_cart_badge"}
  (Session info: chrome=131.0.6778.109)
For documentation on this error, please visit: https://www.selenium.dev/documentation/webdriver/troubleshooting/errors#no-such-element-exception
Build info: version: '4.25.0', revision: '8a8aea2337'
System info: os.name: 'Windows 10', os.arch: 'amd64', os.version: '10.0', java.version: '23.0.1'
Driver info: org.openqa.selenium.chrome.ChromeDriver
Command: [9a1976810adc1509976c734f66fd6f0f, findElement {value=shopping_cart_badge, using=class name}]
Capabilities {acceptInsecureCerts: false, browserName: chrome, browserVersion: 131.0.6778.109, chrome: {chromedriverVersion: 131.0.6778.87 (ce31cae94873..., userDataDir: C:\Users\ALAARA~1\AppData\L...}, fedcm:accounts: true, goog:chromeOptions: {debuggerAddress: localhost:54198}, networkConnectionEnabled: false, pageLoadStrategy: normal, platformName: windows, proxy: Proxy(), se:cdp: ws://localhost:54198/devtoo..., se:cdpVersion: 131.0.6778.109, setWindowRect: true, strictFileInteractability: false, timeouts: {implicit: 0, pageLoad: 300000, script: 30000}, unhandledPromptBehavior: dismiss and notify, webauthn:extension:credBlob: true, webauthn:extension:largeBlob: true, webauthn:extension:minPinLength: true, webauthn:extension:prf: true, webauthn:virtualAuthenticators: true}
Session ID: 9a1976810adc1509976c734f66fd6f0f
[INFO] 08-12-2024 01:45:25 [main] [Listeners.ITestResultListenerClass.onTestStart(ITestResultListenerClass.java:10)] - Test Case checkNumberOfSelectedProductsTC started
[INFO] 08-12-2024 01:45:26 [main] [Pages.P02_HomePage.addAllProductsToCart(P02_HomePage.java:31)] - Number Of All Products 6
[INFO] 08-12-2024 01:45:27 [main] [Pages.P02_HomePage.getNumberOfProductsOnTheCart(P02_HomePage.java:40)] - Number Of products on the cart 6
[INFO] 08-12-2024 01:45:27 [main] [Pages.P02_HomePage.getNumberOfSelectedProducts(P02_HomePage.java:51)] - Number Of selected products 6
[INFO] 08-12-2024 01:45:28 [main] [Listeners.IInvokedMethodListenerClass.afterInvocation(IInvokedMethodListenerClass.java:17)] - Test CasecheckNumberOfSelectedProductsTCfailed
[ERROR] 08-12-2024 01:45:31 [main] [Utilities.Utility.takeScreenShot(Utility.java:75)] - Cannot invoke "org.openqa.selenium.TakesScreenshot.getScreenshotAs(org.openqa.selenium.OutputType)" because "driver" is null
[ERROR] 08-12-2024 01:45:31 [main] [Utilities.Utility.takeFullScreenShotShutterBug(Utility.java:84)] - Cannot invoke "org.openqa.selenium.JavascriptExecutor.executeScript(String, Object[])" because "js" is null
