[INFO] 11-12-2024 22:10:48 [main] [Tests.TC03_CartTest.setUp(TC03_CartTest.java:27)] - Browser is opened
[INFO] 11-12-2024 22:10:49 [main] [Tests.TC03_CartTest.setUp(TC03_CartTest.java:29)] - we are in the login page now
[INFO] 11-12-2024 22:10:49 [main] [Listeners.ITestResultListenerClass.onTestStart(ITestResultListenerClass.java:10)] - Test Case comparingPricesTC started
[INFO] 11-12-2024 22:10:49 [main] [Pages.P02_HomePage.addRandomProducts(P02_HomePage.java:67)] - random number 4
[INFO] 11-12-2024 22:10:49 [main] [Pages.P02_HomePage.addRandomProducts(P02_HomePage.java:67)] - random number 5
[ERROR] 11-12-2024 22:11:00 [main] [Pages.P02_HomePage.getTotalPricesOfSelectedProducts(P02_HomePage.java:99)] - Expected condition failed: waiting for visibility of element located by By.xpath: (//button[.="Remove"]//preceding-sibling::div[@class='inventory_item_price'])[0] (tried for 5 second(s) with 500 milliseconds interval)
Build info: version: '4.25.0', revision: '8a8aea2337'
System info: os.name: 'Windows 10', os.arch: 'amd64', os.version: '10.0', java.version: '23.0.1'
Driver info: org.openqa.selenium.chrome.ChromeDriver
Capabilities {acceptInsecureCerts: false, browserName: chrome, browserVersion: 131.0.6778.110, chrome: {chromedriverVersion: 131.0.6778.108 (3b014839fbc..., userDataDir: C:\Users\ALAARA~1\AppData\L...}, fedcm:accounts: true, goog:chromeOptions: {debuggerAddress: localhost:54953}, networkConnectionEnabled: false, pageLoadStrategy: normal, platformName: windows, proxy: Proxy(), se:cdp: ws://localhost:54953/devtoo..., se:cdpVersion: 131.0.6778.110, setWindowRect: true, strictFileInteractability: false, timeouts: {implicit: 0, pageLoad: 300000, script: 30000}, unhandledPromptBehavior: dismiss and notify, webauthn:extension:credBlob: true, webauthn:extension:largeBlob: true, webauthn:extension:minPinLength: true, webauthn:extension:prf: true, webauthn:virtualAuthenticators: true}
Session ID: 7b71e8cf4fd6bd7ce2ce86d7d6207802
[ERROR] 11-12-2024 22:11:10 [main] [Pages.P03_CartPage.getTotalPrices(P03_CartPage.java:32)] - Expected condition failed: waiting for visibility of element located by By.xpath: (//button[.="Remove"]//preceding-sibling::div[@class='inventory_item_price'])[0] (tried for 5 second(s) with 500 milliseconds interval)
Build info: version: '4.25.0', revision: '8a8aea2337'
System info: os.name: 'Windows 10', os.arch: 'amd64', os.version: '10.0', java.version: '23.0.1'
Driver info: org.openqa.selenium.chrome.ChromeDriver
Capabilities {acceptInsecureCerts: false, browserName: chrome, browserVersion: 131.0.6778.110, chrome: {chromedriverVersion: 131.0.6778.108 (3b014839fbc..., userDataDir: C:\Users\ALAARA~1\AppData\L...}, fedcm:accounts: true, goog:chromeOptions: {debuggerAddress: localhost:54953}, networkConnectionEnabled: false, pageLoadStrategy: normal, platformName: windows, proxy: Proxy(), se:cdp: ws://localhost:54953/devtoo..., se:cdpVersion: 131.0.6778.110, setWindowRect: true, strictFileInteractability: false, timeouts: {implicit: 0, pageLoad: 300000, script: 30000}, unhandledPromptBehavior: dismiss and notify, webauthn:extension:credBlob: true, webauthn:extension:largeBlob: true, webauthn:extension:minPinLength: true, webauthn:extension:prf: true, webauthn:virtualAuthenticators: true}
Session ID: 7b71e8cf4fd6bd7ce2ce86d7d6207802
[INFO] 11-12-2024 22:11:10 [main] [Listeners.ITestResultListenerClass.onTestSuccess(ITestResultListenerClass.java:14)] - Test Case comparingPricesTC passed
[ERROR] 11-12-2024 22:11:10 [main] [Utilities.Utility.takeScreenShot(Utility.java:78)] - Cannot invoke "org.openqa.selenium.TakesScreenshot.getScreenshotAs(org.openqa.selenium.OutputType)" because "driver" is null
